<?xml version="1.0" encoding="UTF-8"?>
<!-- Generated by org.testng.reporters.JUnitXMLReporter -->
<testsuite ignored="0" hostname="admins-MacBook-Pro.local" failures="0" tests="6" name="Default test" time="63.789" errors="0" timestamp="2023-12-19T16:27:18 IST">
  <testcase classname="DataProvider.register" name="register" time="14.861"/>
  <testcase classname="DataProvider.register" name="register" time="9.685"/>
  <testcase classname="DataProvider.register" name="register" time="8.423"/>
  <testcase classname="DataProvider.register" name="register" time="9.119"/>
  <testcase classname="DataProvider.register" name="register" time="10.184"/>
  <testcase classname="DataProvider.register" name="register" time="10.295"/>
</testsuite> <!-- Default test -->
