<?xml version="1.0" encoding="UTF-8"?>
<testng-results ignored="0" total="6" passed="6" failed="0" skipped="0">
  <reporter-output>
  </reporter-output>
  <suite started-at="2023-12-19T16:26:09 IST" name="Default suite" finished-at="2023-12-19T16:27:13 IST" duration-ms="63789">
    <groups>
    </groups>
    <test started-at="2023-12-19T16:26:09 IST" name="Default test" finished-at="2023-12-19T16:27:13 IST" duration-ms="63789">
      <class name="DataProvider.register">
        <test-method signature="register([Ljava.lang.String;)[pri:0, instance:DataProvider.register@87a85e1]" started-at="2023-12-19T16:26:10 IST" name="register" data-provider="userDetails" finished-at="2023-12-19T16:26:25 IST" duration-ms="14861" status="PASS">
          <params>
            <param index="0">
              <value>
                <![CDATA[[Ljava.lang.String;@1f992a3a]]>
              </value>
            </param>
          </params>
          <reporter-output>
          </reporter-output>
        </test-method> <!-- register -->
        <test-method signature="register([Ljava.lang.String;)[pri:0, instance:DataProvider.register@87a85e1]" started-at="2023-12-19T16:26:25 IST" name="register" data-provider="userDetails" finished-at="2023-12-19T16:26:35 IST" duration-ms="9685" status="PASS">
          <params>
            <param index="0">
              <value>
                <![CDATA[[Ljava.lang.String;@30bf26df]]>
              </value>
            </param>
          </params>
          <reporter-output>
          </reporter-output>
        </test-method> <!-- register -->
        <test-method signature="register([Ljava.lang.String;)[pri:0, instance:DataProvider.register@87a85e1]" started-at="2023-12-19T16:26:35 IST" name="register" data-provider="userDetails" finished-at="2023-12-19T16:26:43 IST" duration-ms="8423" status="PASS">
          <params>
            <param index="0">
              <value>
                <![CDATA[[Ljava.lang.String;@261bd7b]]>
              </value>
            </param>
          </params>
          <reporter-output>
          </reporter-output>
        </test-method> <!-- register -->
        <test-method signature="register([Ljava.lang.String;)[pri:0, instance:DataProvider.register@87a85e1]" started-at="2023-12-19T16:26:43 IST" name="register" data-provider="userDetails" finished-at="2023-12-19T16:26:52 IST" duration-ms="9119" status="PASS">
          <params>
            <param index="0">
              <value>
                <![CDATA[[Ljava.lang.String;@6f9e08d4]]>
              </value>
            </param>
          </params>
          <reporter-output>
          </reporter-output>
        </test-method> <!-- register -->
        <test-method signature="register([Ljava.lang.String;)[pri:0, instance:DataProvider.register@87a85e1]" started-at="2023-12-19T16:26:52 IST" name="register" data-provider="userDetails" finished-at="2023-12-19T16:27:02 IST" duration-ms="10184" status="PASS">
          <params>
            <param index="0">
              <value>
                <![CDATA[[Ljava.lang.String;@390037e7]]>
              </value>
            </param>
          </params>
          <reporter-output>
          </reporter-output>
        </test-method> <!-- register -->
        <test-method signature="register([Ljava.lang.String;)[pri:0, instance:DataProvider.register@87a85e1]" started-at="2023-12-19T16:27:02 IST" name="register" data-provider="userDetails" finished-at="2023-12-19T16:27:13 IST" duration-ms="10295" status="PASS">
          <params>
            <param index="0">
              <value>
                <![CDATA[[Ljava.lang.String;@704067c6]]>
              </value>
            </param>
          </params>
          <reporter-output>
          </reporter-output>
        </test-method> <!-- register -->
      </class> <!-- DataProvider.register -->
    </test> <!-- Default test -->
  </suite> <!-- Default suite -->
</testng-results>
