<?xml version="1.0" encoding="UTF-8"?>
<!-- Generated by org.testng.reporters.JUnitXMLReporter -->
<testsuite ignored="0" hostname="admins-MacBook-Pro.local" failures="0" tests="3" name="Test1" time="59.112" errors="0" timestamp="2023-12-15T11:59:45 IST">
  <testcase classname="TestNGPractise15Dec.Etv" name="etvM" time="15.302"/>
  <testcase classname="TestNGPractise15Dec.aajtak" name="aajTakM" time="57.341"/>
  <testcase classname="TestNGPractise15Dec.Abp" name="abpM" time="59.047"/>
</testsuite> <!-- Test1 -->
