<?xml version="1.0" encoding="UTF-8"?>
<!-- Generated by org.testng.reporters.JUnitXMLReporter -->
<testsuite ignored="8" hostname="admins-MacBook-Pro.local" failures="0" tests="3" name="Test" time="0.116" errors="0" timestamp="2023-12-15T17:51:39 IST">
  <testcase classname="configurationAnnotation.Cart" name="cart" time="0.009"/>
  <testcase classname="configurationAnnotation.Demo" name="login" time="0.002"/>
  <testcase classname="configurationAnnotation.register" name="Register" time="0.002"/>
  <testcase classname="configurationAnnotation.base_Script" name="@AfterTest afterTest" time="0.0">
    <ignored/>
  </testcase> <!-- @AfterTest afterTest -->
  <testcase classname="configurationAnnotation.base_Script" name="@AfterTest afterTest" time="0.0">
    <ignored/>
  </testcase> <!-- @AfterTest afterTest -->
  <testcase classname="configurationAnnotation.base_Script" name="@BeforeSuite beforeSuite" time="0.0">
    <ignored/>
  </testcase> <!-- @BeforeSuite beforeSuite -->
  <testcase classname="configurationAnnotation.base_Script" name="@BeforeSuite beforeSuite" time="0.0">
    <ignored/>
  </testcase> <!-- @BeforeSuite beforeSuite -->
  <testcase classname="configurationAnnotation.base_Script" name="@AfterSuite afterSuite" time="0.0">
    <ignored/>
  </testcase> <!-- @AfterSuite afterSuite -->
  <testcase classname="configurationAnnotation.base_Script" name="@AfterSuite afterSuite" time="0.0">
    <ignored/>
  </testcase> <!-- @AfterSuite afterSuite -->
  <testcase classname="configurationAnnotation.base_Script" name="@BeforeTest beforeTest" time="0.0">
    <ignored/>
  </testcase> <!-- @BeforeTest beforeTest -->
  <testcase classname="configurationAnnotation.base_Script" name="@BeforeTest beforeTest" time="0.0">
    <ignored/>
  </testcase> <!-- @BeforeTest beforeTest -->
</testsuite> <!-- Test -->
